[0712/162714.845:ERROR:process_memory_win.cc(73)] ReadMemory at 0x1e087100000 of 64 bytes failed: Only part of a ReadProcessMemory or WriteProcessMemory request was completed. (0x12B)
[0712/162714.849:WARNING:pe_image_reader.cc(340)] could not read dos header from C:\WINDOWS\System32\USER32.dll
[0712/162714.849:ERROR:process_memory_win.cc(73)] ReadMemory at 0x1e086fe3930 of 72 bytes failed: Only part of a ReadProcessMemory or WriteProcessMemory request was completed. (0x12B)
[0712/162714.849:WARNING:pe_image_annotations_reader.cc(134)] could not read annotations list object in C:\Program Files (x86)\Google\Chrome\Application\75.0.3770.100\chrome_elf.dll
[0712/162714.849:ERROR:process_memory_win.cc(73)] ReadMemory at 0x1e0877105a0 of 72 bytes failed: Only part of a ReadProcessMemory or WriteProcessMemory request was completed. (0x12B)
[0712/162714.849:WARNING:pe_image_annotations_reader.cc(134)] could not read annotations list object in C:\Program Files (x86)\Google\Chrome\Application\75.0.3770.100\chrome_child.dll
[0712/162714.870:ERROR:process_memory_win.cc(73)] ReadMemory at 0x8ee5bf2000 of 57344 bytes failed: Only part of a ReadProcessMemory or WriteProcessMemory request was completed. (0x12B)
[0712/162714.871:ERROR:process_memory_win.cc(73)] ReadMemory at 0x8ee5dfd000 of 12288 bytes failed: Only part of a ReadProcessMemory or WriteProcessMemory request was completed. (0x12B)
[0712/162714.871:ERROR:process_memory_win.cc(73)] ReadMemory at 0x8ee5ffa000 of 24576 bytes failed: Only part of a ReadProcessMemory or WriteProcessMemory request was completed. (0x12B)
[0712/162714.871:ERROR:process_memory_win.cc(73)] ReadMemory at 0x8ee61fc000 of 16384 bytes failed: Only part of a ReadProcessMemory or WriteProcessMemory request was completed. (0x12B)
[0712/162714.871:ERROR:process_memory_win.cc(73)] ReadMemory at 0x8ee63fc000 of 16384 bytes failed: Only part of a ReadProcessMemory or WriteProcessMemory request was completed. (0x12B)
[0712/162714.871:ERROR:process_memory_win.cc(73)] ReadMemory at 0x8ee65fe000 of 8192 bytes failed: Only part of a ReadProcessMemory or WriteProcessMemory request was completed. (0x12B)
[0712/162714.871:ERROR:process_memory_win.cc(73)] ReadMemory at 0x8ee67fd000 of 12288 bytes failed: Only part of a ReadProcessMemory or WriteProcessMemory request was completed. (0x12B)
[0712/162714.871:ERROR:process_memory_win.cc(73)] ReadMemory at 0x8ee69fb000 of 20480 bytes failed: Only part of a ReadProcessMemory or WriteProcessMemory request was completed. (0x12B)
[0712/162714.872:ERROR:process_memory_win.cc(73)] ReadMemory at 0x8ee6bfd000 of 12288 bytes failed: Only part of a ReadProcessMemory or WriteProcessMemory request was completed. (0x12B)
[0712/162714.872:ERROR:process_memory_win.cc(73)] ReadMemory at 0x8ee6df8000 of 32768 bytes failed: Only part of a ReadProcessMemory or WriteProcessMemory request was completed. (0x12B)
[0712/162714.872:ERROR:process_memory_win.cc(73)] ReadMemory at 0x8ee6ff5000 of 45056 bytes failed: Only part of a ReadProcessMemory or WriteProcessMemory request was completed. (0x12B)
[0712/162714.872:ERROR:process_memory_win.cc(73)] ReadMemory at 0x8ee71fc000 of 16384 bytes failed: Only part of a ReadProcessMemory or WriteProcessMemory request was completed. (0x12B)
[0712/162714.872:ERROR:process_memory_win.cc(73)] ReadMemory at 0x8ee73f9000 of 28672 bytes failed: Only part of a ReadProcessMemory or WriteProcessMemory request was completed. (0x12B)
[0712/162714.873:ERROR:process_memory_win.cc(73)] ReadMemory at 0x8ee75fd000 of 12288 bytes failed: Only part of a ReadProcessMemory or WriteProcessMemory request was completed. (0x12B)
[0712/162714.873:ERROR:process_memory_win.cc(73)] ReadMemory at 0x8ee77fd000 of 12288 bytes failed: Only part of a ReadProcessMemory or WriteProcessMemory request was completed. (0x12B)
[0712/162714.873:ERROR:process_memory_win.cc(73)] ReadMemory at 0x8ee79fc000 of 16384 bytes failed: Only part of a ReadProcessMemory or WriteProcessMemory request was completed. (0x12B)
[0712/162714.873:ERROR:process_memory_win.cc(73)] ReadMemory at 0x8ee58f1000 of 852 bytes failed: Only part of a ReadProcessMemory or WriteProcessMemory request was completed. (0x12B)
[0712/162714.873:ERROR:process_memory_win.cc(73)] ReadMemory at 0x8ee58f2000 of 6024 bytes failed: Only part of a ReadProcessMemory or WriteProcessMemory request was completed. (0x12B)
[0712/162714.873:ERROR:process_memory_win.cc(73)] ReadMemory at 0x8ee58f4000 of 6024 bytes failed: Only part of a ReadProcessMemory or WriteProcessMemory request was completed. (0x12B)
[0712/162714.873:ERROR:process_memory_win.cc(73)] ReadMemory at 0x8ee58f6000 of 6024 bytes failed: Only part of a ReadProcessMemory or WriteProcessMemory request was completed. (0x12B)
[0712/162714.873:ERROR:process_memory_win.cc(73)] ReadMemory at 0x8ee58f8000 of 6024 bytes failed: Only part of a ReadProcessMemory or WriteProcessMemory request was completed. (0x12B)
[0712/162714.873:ERROR:process_memory_win.cc(73)] ReadMemory at 0x8ee58fa000 of 6024 bytes failed: Only part of a ReadProcessMemory or WriteProcessMemory request was completed. (0x12B)
[0712/162714.873:ERROR:process_memory_win.cc(73)] ReadMemory at 0x8ee58fc000 of 6024 bytes failed: Only part of a ReadProcessMemory or WriteProcessMemory request was completed. (0x12B)
[0712/162714.874:ERROR:process_memory_win.cc(73)] ReadMemory at 0x8ee58fe000 of 6024 bytes failed: Only part of a ReadProcessMemory or WriteProcessMemory request was completed. (0x12B)
[0712/162714.874:ERROR:process_memory_win.cc(73)] ReadMemory at 0x8ee5900000 of 6024 bytes failed: Only part of a ReadProcessMemory or WriteProcessMemory request was completed. (0x12B)
[0712/162714.874:ERROR:process_memory_win.cc(73)] ReadMemory at 0x8ee5902000 of 6024 bytes failed: Only part of a ReadProcessMemory or WriteProcessMemory request was completed. (0x12B)
[0712/162714.874:ERROR:process_memory_win.cc(73)] ReadMemory at 0x8ee5904000 of 6024 bytes failed: Only part of a ReadProcessMemory or WriteProcessMemory request was completed. (0x12B)
[0712/162714.874:ERROR:process_memory_win.cc(73)] ReadMemory at 0x8ee5906000 of 6024 bytes failed: Only part of a ReadProcessMemory or WriteProcessMemory request was completed. (0x12B)
[0712/162714.874:ERROR:process_memory_win.cc(73)] ReadMemory at 0x8ee5908000 of 6024 bytes failed: Only part of a ReadProcessMemory or WriteProcessMemory request was completed. (0x12B)
[0712/162714.874:ERROR:process_memory_win.cc(73)] ReadMemory at 0x8ee590a000 of 6024 bytes failed: Only part of a ReadProcessMemory or WriteProcessMemory request was completed. (0x12B)
[0712/162714.874:ERROR:process_memory_win.cc(73)] ReadMemory at 0x8ee590c000 of 6024 bytes failed: Only part of a ReadProcessMemory or WriteProcessMemory request was completed. (0x12B)
[0712/162714.874:ERROR:process_memory_win.cc(73)] ReadMemory at 0x8ee590e000 of 6024 bytes failed: Only part of a ReadProcessMemory or WriteProcessMemory request was completed. (0x12B)
[0712/162714.874:ERROR:process_memory_win.cc(73)] ReadMemory at 0x8ee5910000 of 6024 bytes failed: Only part of a ReadProcessMemory or WriteProcessMemory request was completed. (0x12B)
[0712/162714.874:ERROR:process_memory_win.cc(73)] ReadMemory at 0x1e087000fc0 of 5940 bytes failed: Only part of a ReadProcessMemory or WriteProcessMemory request was completed. (0x12B)
[0712/162714.874:ERROR:process_memory_win.cc(73)] ReadMemory at 0x1e087002700 of 1012 bytes failed: Only part of a ReadProcessMemory or WriteProcessMemory request was completed. (0x12B)
[0712/162714.874:ERROR:process_memory_win.cc(73)] ReadMemory at 0x1e087002d18 of 118 bytes failed: Only part of a ReadProcessMemory or WriteProcessMemory request was completed. (0x12B)
[0712/162714.875:ERROR:process_memory_win.cc(73)] ReadMemory at 0x1e087002d90 of 966 bytes failed: Only part of a ReadProcessMemory or WriteProcessMemory request was completed. (0x12B)
[0712/162714.875:ERROR:process_memory_win.cc(73)] ReadMemory at 0x1e087003158 of 118 bytes failed: Only part of a ReadProcessMemory or WriteProcessMemory request was completed. (0x12B)
[0712/162714.875:ERROR:process_memory_win.cc(73)] ReadMemory at 0x1e0870031d0 of 100 bytes failed: Only part of a ReadProcessMemory or WriteProcessMemory request was completed. (0x12B)
[0712/162714.875:ERROR:process_memory_win.cc(73)] ReadMemory at 0x1e087003240 of 58 bytes failed: Only part of a ReadProcessMemory or WriteProcessMemory request was completed. (0x12B)
[0712/162714.875:ERROR:process_memory_win.cc(73)] ReadMemory at 0x1e087003340 of 132 bytes failed: Only part of a ReadProcessMemory or WriteProcessMemory request was completed. (0x12B)
[0712/162714.875:ERROR:process_memory_win.cc(73)] ReadMemory at 0x1e0870034d0 of 132 bytes failed: Only part of a ReadProcessMemory or WriteProcessMemory request was completed. (0x12B)
[0712/162714.875:ERROR:process_memory_win.cc(73)] ReadMemory at 0x1e087003690 of 126 bytes failed: Only part of a ReadProcessMemory or WriteProcessMemory request was completed. (0x12B)
[0712/162714.875:ERROR:process_memory_win.cc(73)] ReadMemory at 0x1e087003a70 of 132 bytes failed: Only part of a ReadProcessMemory or WriteProcessMemory request was completed. (0x12B)
[0712/162714.875:ERROR:process_memory_win.cc(73)] ReadMemory at 0x1e087003c00 of 64 bytes failed: Only part of a ReadProcessMemory or WriteProcessMemory request was completed. (0x12B)
[0712/162714.875:ERROR:process_memory_win.cc(73)] ReadMemory at 0x1e087004050 of 132 bytes failed: Only part of a ReadProcessMemory or WriteProcessMemory request was completed. (0x12B)
[0712/162714.875:ERROR:process_memory_win.cc(73)] ReadMemory at 0x1e0870041e0 of 68 bytes failed: Only part of a ReadProcessMemory or WriteProcessMemory request was completed. (0x12B)
[0712/162714.875:ERROR:process_memory_win.cc(73)] ReadMemory at 0x1e087005000 of 132 bytes failed: Only part of a ReadProcessMemory or WriteProcessMemory request was completed. (0x12B)
[0712/162714.875:ERROR:process_memory_win.cc(73)] ReadMemory at 0x1e087005130 of 132 bytes failed: Only part of a ReadProcessMemory or WriteProcessMemory request was completed. (0x12B)
[0712/162714.875:ERROR:process_memory_win.cc(73)] ReadMemory at 0x1e087005260 of 62 bytes failed: Only part of a ReadProcessMemory or WriteProcessMemory request was completed. (0x12B)
[0712/162714.875:ERROR:process_memory_win.cc(73)] ReadMemory at 0x1e087005450 of 246 bytes failed: Only part of a ReadProcessMemory or WriteProcessMemory request was completed. (0x12B)
[0712/162714.875:ERROR:process_memory_win.cc(73)] ReadMemory at 0x1e087005660 of 132 bytes failed: Only part of a ReadProcessMemory or WriteProcessMemory request was completed. (0x12B)
[0712/162714.876:ERROR:process_memory_win.cc(73)] ReadMemory at 0x1e0870057f0 of 60 bytes failed: Only part of a ReadProcessMemory or WriteProcessMemory request was completed. (0x12B)
[0712/162714.876:ERROR:process_memory_win.cc(73)] ReadMemory at 0x1e087005840 of 158 bytes failed: Only part of a ReadProcessMemory or WriteProcessMemory request was completed. (0x12B)
[0712/162714.876:ERROR:process_memory_win.cc(73)] ReadMemory at 0x1e087005a40 of 132 bytes failed: Only part of a ReadProcessMemory or WriteProcessMemory request was completed. (0x12B)
[0712/162714.876:ERROR:process_memory_win.cc(73)] ReadMemory at 0x1e087005bd0 of 64 bytes failed: Only part of a ReadProcessMemory or WriteProcessMemory request was completed. (0x12B)
[0712/162714.876:ERROR:process_memory_win.cc(73)] ReadMemory at 0x1e087005e50 of 132 bytes failed: Only part of a ReadProcessMemory or WriteProcessMemory request was completed. (0x12B)
[0712/162714.876:ERROR:process_memory_win.cc(73)] ReadMemory at 0x1e087005fe0 of 64 bytes failed: Only part of a ReadProcessMemory or WriteProcessMemory request was completed. (0x12B)
[0712/162714.876:ERROR:process_memory_win.cc(73)] ReadMemory at 0x1e087006240 of 132 bytes failed: Only part of a ReadProcessMemory or WriteProcessMemory request was completed. (0x12B)
[0712/162714.876:ERROR:process_memory_win.cc(73)] ReadMemory at 0x1e0870063d0 of 60 bytes failed: Only part of a ReadProcessMemory or WriteProcessMemory request was completed. (0x12B)
[0712/162714.876:ERROR:process_memory_win.cc(73)] ReadMemory at 0x1e0870066f0 of 132 bytes failed: Only part of a ReadProcessMemory or WriteProcessMemory request was completed. (0x12B)
[0712/162714.876:ERROR:process_memory_win.cc(73)] ReadMemory at 0x1e087006880 of 60 bytes failed: Only part of a ReadProcessMemory or WriteProcessMemory request was completed. (0x12B)
[0712/162714.876:ERROR:process_memory_win.cc(73)] ReadMemory at 0x1e087006ac0 of 132 bytes failed: Only part of a ReadProcessMemory or WriteProcessMemory request was completed. (0x12B)
[0712/162714.876:ERROR:process_memory_win.cc(73)] ReadMemory at 0x1e087006c50 of 62 bytes failed: Only part of a ReadProcessMemory or WriteProcessMemory request was completed. (0x12B)
[0712/162714.876:ERROR:process_memory_win.cc(73)] ReadMemory at 0x1e087006fd0 of 132 bytes failed: Only part of a ReadProcessMemory or WriteProcessMemory request was completed. (0x12B)
[0712/162714.876:ERROR:process_memory_win.cc(73)] ReadMemory at 0x1e087007160 of 80 bytes failed: Only part of a ReadProcessMemory or WriteProcessMemory request was completed. (0x12B)
[0712/162714.877:ERROR:process_memory_win.cc(73)] ReadMemory at 0x1e0870097a0 of 132 bytes failed: Only part of a ReadProcessMemory or WriteProcessMemory request was completed. (0x12B)
[0712/162714.877:ERROR:process_memory_win.cc(73)] ReadMemory at 0x1e087009e00 of 78 bytes failed: Only part of a ReadProcessMemory or WriteProcessMemory request was completed. (0x12B)
[0712/162714.877:ERROR:process_memory_win.cc(73)] ReadMemory at 0x1e087009ec0 of 76 bytes failed: Only part of a ReadProcessMemory or WriteProcessMemory request was completed. (0x12B)
[0712/162714.877:ERROR:process_memory_win.cc(73)] ReadMemory at 0x1e08700ad00 of 132 bytes failed: Only part of a ReadProcessMemory or WriteProcessMemory request was completed. (0x12B)
[0712/162714.877:ERROR:process_memory_win.cc(73)] ReadMemory at 0x1e08700ae30 of 64 bytes failed: Only part of a ReadProcessMemory or WriteProcessMemory request was completed. (0x12B)
[0712/162714.877:ERROR:process_memory_win.cc(73)] ReadMemory at 0x1e08700b0a0 of 132 bytes failed: Only part of a ReadProcessMemory or WriteProcessMemory request was completed. (0x12B)
[0712/162714.877:ERROR:process_memory_win.cc(73)] ReadMemory at 0x1e08700b1d0 of 62 bytes failed: Only part of a ReadProcessMemory or WriteProcessMemory request was completed. (0x12B)
[0712/162714.877:ERROR:process_memory_win.cc(73)] ReadMemory at 0x1e08700b400 of 132 bytes failed: Only part of a ReadProcessMemory or WriteProcessMemory request was completed. (0x12B)
[0712/162714.877:ERROR:process_memory_win.cc(73)] ReadMemory at 0x1e08700b530 of 62 bytes failed: Only part of a ReadProcessMemory or WriteProcessMemory request was completed. (0x12B)
[0712/162714.877:ERROR:process_memory_win.cc(73)] ReadMemory at 0x1e08700b830 of 132 bytes failed: Only part of a ReadProcessMemory or WriteProcessMemory request was completed. (0x12B)
[0712/162714.877:ERROR:process_memory_win.cc(73)] ReadMemory at 0x1e08700b960 of 132 bytes failed: Only part of a ReadProcessMemory or WriteProcessMemory request was completed. (0x12B)
[0712/162714.877:ERROR:process_memory_win.cc(73)] ReadMemory at 0x1e08700ba90 of 132 bytes failed: Only part of a ReadProcessMemory or WriteProcessMemory request was completed. (0x12B)
[0712/162714.877:ERROR:process_memory_win.cc(73)] ReadMemory at 0x1e08700bbc0 of 132 bytes failed: Only part of a ReadProcessMemory or WriteProcessMemory request was completed. (0x12B)
[0712/162714.877:ERROR:process_memory_win.cc(73)] ReadMemory at 0x1e08700bcf0 of 132 bytes failed: Only part of a ReadProcessMemory or WriteProcessMemory request was completed. (0x12B)
[0712/162714.877:ERROR:process_memory_win.cc(73)] ReadMemory at 0x1e08700be20 of 132 bytes failed: Only part of a ReadProcessMemory or WriteProcessMemory request was completed. (0x12B)
[0712/162714.877:ERROR:process_memory_win.cc(73)] ReadMemory at 0x1e08700bf50 of 132 bytes failed: Only part of a ReadProcessMemory or WriteProcessMemory request was completed. (0x12B)
[0712/162714.877:ERROR:process_memory_win.cc(73)] ReadMemory at 0x1e08700c080 of 132 bytes failed: Only part of a ReadProcessMemory or WriteProcessMemory request was completed. (0x12B)
[0712/162714.877:ERROR:process_memory_win.cc(73)] ReadMemory at 0x1e08700c1b0 of 132 bytes failed: Only part of a ReadProcessMemory or WriteProcessMemory request was completed. (0x12B)
[0712/162714.878:ERROR:process_memory_win.cc(73)] ReadMemory at 0x1e08700c2e0 of 132 bytes failed: Only part of a ReadProcessMemory or WriteProcessMemory request was completed. (0x12B)
[0712/162714.878:ERROR:process_memory_win.cc(73)] ReadMemory at 0x1e08700c410 of 132 bytes failed: Only part of a ReadProcessMemory or WriteProcessMemory request was completed. (0x12B)
[0712/162714.878:ERROR:process_memory_win.cc(73)] ReadMemory at 0x1e08700c670 of 132 bytes failed: Only part of a ReadProcessMemory or WriteProcessMemory request was completed. (0x12B)
[0712/162714.878:ERROR:process_memory_win.cc(73)] ReadMemory at 0x1e08700c840 of 60 bytes failed: Only part of a ReadProcessMemory or WriteProcessMemory request was completed. (0x12B)
[0712/162714.878:ERROR:process_memory_win.cc(73)] ReadMemory at 0x1e08700c890 of 58 bytes failed: Only part of a ReadProcessMemory or WriteProcessMemory request was completed. (0x12B)
[0712/162714.878:ERROR:process_memory_win.cc(73)] ReadMemory at 0x1e08700c8e0 of 64 bytes failed: Only part of a ReadProcessMemory or WriteProcessMemory request was completed. (0x12B)
[0712/162714.878:ERROR:process_memory_win.cc(73)] ReadMemory at 0x1e08700c930 of 62 bytes failed: Only part of a ReadProcessMemory or WriteProcessMemory request was completed. (0x12B)
[0712/162714.878:ERROR:process_memory_win.cc(73)] ReadMemory at 0x1e08700c9d0 of 66 bytes failed: Only part of a ReadProcessMemory or WriteProcessMemory request was completed. (0x12B)
[0712/162714.878:ERROR:process_memory_win.cc(73)] ReadMemory at 0x1e08700ca20 of 60 bytes failed: Only part of a ReadProcessMemory or WriteProcessMemory request was completed. (0x12B)
[0712/162714.878:ERROR:process_memory_win.cc(73)] ReadMemory at 0x1e08700cac0 of 62 bytes failed: Only part of a ReadProcessMemory or WriteProcessMemory request was completed. (0x12B)
[0712/162714.878:ERROR:process_memory_win.cc(73)] ReadMemory at 0x1e08700cb10 of 60 bytes failed: Only part of a ReadProcessMemory or WriteProcessMemory request was completed. (0x12B)
[0712/162714.878:ERROR:process_memory_win.cc(73)] ReadMemory at 0x1e08700cb60 of 66 bytes failed: Only part of a ReadProcessMemory or WriteProcessMemory request was completed. (0x12B)
[0712/162714.878:ERROR:process_memory_win.cc(73)] ReadMemory at 0x1e08700cc50 of 60 bytes failed: Only part of a ReadProcessMemory or WriteProcessMemory request was completed. (0x12B)
[0712/162714.878:ERROR:process_memory_win.cc(73)] ReadMemory at 0x1e08700cca0 of 66 bytes failed: Only part of a ReadProcessMemory or WriteProcessMemory request was completed. (0x12B)
[0712/162714.878:ERROR:process_memory_win.cc(73)] ReadMemory at 0x1e08700cd90 of 62 bytes failed: Only part of a ReadProcessMemory or WriteProcessMemory request was completed. (0x12B)
[0712/162714.878:ERROR:process_memory_win.cc(73)] ReadMemory at 0x1e08700cf20 of 66 bytes failed: Only part of a ReadProcessMemory or WriteProcessMemory request was completed. (0x12B)
[0712/162714.878:ERROR:process_memory_win.cc(73)] ReadMemory at 0x1e08700cf70 of 58 bytes failed: Only part of a ReadProcessMemory or WriteProcessMemory request was completed. (0x12B)
[0712/162714.878:ERROR:process_memory_win.cc(73)] ReadMemory at 0x1e08700d06c of 512 bytes failed: Only part of a ReadProcessMemory or WriteProcessMemory request was completed. (0x12B)
[0712/162714.878:ERROR:process_memory_win.cc(73)] ReadMemory at 0x1e08700e920 of 154 bytes failed: Only part of a ReadProcessMemory or WriteProcessMemory request was completed. (0x12B)
[0712/162714.878:ERROR:process_memory_win.cc(73)] ReadMemory at 0x1e087010410 of 512 bytes failed: Only part of a ReadProcessMemory or WriteProcessMemory request was completed. (0x12B)
[0712/162714.879:ERROR:process_memory_win.cc(73)] ReadMemory at 0x1e087011b70 of 132 bytes failed: Only part of a ReadProcessMemory or WriteProcessMemory request was completed. (0x12B)
[0712/162714.879:ERROR:process_memory_win.cc(73)] ReadMemory at 0x1e087011ca0 of 132 bytes failed: Only part of a ReadProcessMemory or WriteProcessMemory request was completed. (0x12B)
[0712/162714.879:ERROR:process_memory_win.cc(73)] ReadMemory at 0x1e087011dd0 of 132 bytes failed: Only part of a ReadProcessMemory or WriteProcessMemory request was completed. (0x12B)
[0712/162714.879:ERROR:process_memory_win.cc(73)] ReadMemory at 0x1e087011f00 of 132 bytes failed: Only part of a ReadProcessMemory or WriteProcessMemory request was completed. (0x12B)
[0712/162714.879:ERROR:process_memory_win.cc(73)] ReadMemory at 0x1e087012030 of 132 bytes failed: Only part of a ReadProcessMemory or WriteProcessMemory request was completed. (0x12B)
[0712/162714.879:ERROR:process_memory_win.cc(73)] ReadMemory at 0x1e087012290 of 132 bytes failed: Only part of a ReadProcessMemory or WriteProcessMemory request was completed. (0x12B)
[0712/162714.879:ERROR:process_memory_win.cc(73)] ReadMemory at 0x1e0870123c0 of 132 bytes failed: Only part of a ReadProcessMemory or WriteProcessMemory request was completed. (0x12B)
[0712/162714.879:ERROR:process_memory_win.cc(73)] ReadMemory at 0x1e0870124f0 of 132 bytes failed: Only part of a ReadProcessMemory or WriteProcessMemory request was completed. (0x12B)
[0712/162714.879:ERROR:process_memory_win.cc(73)] ReadMemory at 0x1e087012620 of 132 bytes failed: Only part of a ReadProcessMemory or WriteProcessMemory request was completed. (0x12B)
[0712/162714.879:ERROR:process_memory_win.cc(73)] ReadMemory at 0x1e087012750 of 132 bytes failed: Only part of a ReadProcessMemory or WriteProcessMemory request was completed. (0x12B)
[0712/162714.879:ERROR:process_memory_win.cc(73)] ReadMemory at 0x1e087012880 of 132 bytes failed: Only part of a ReadProcessMemory or WriteProcessMemory request was completed. (0x12B)
[0712/162714.879:ERROR:process_memory_win.cc(73)] ReadMemory at 0x1e0870129b0 of 132 bytes failed: Only part of a ReadProcessMemory or WriteProcessMemory request was completed. (0x12B)
[0712/162714.879:ERROR:process_memory_win.cc(73)] ReadMemory at 0x1e087012ae0 of 132 bytes failed: Only part of a ReadProcessMemory or WriteProcessMemory request was completed. (0x12B)
[0712/162714.879:ERROR:process_memory_win.cc(73)] ReadMemory at 0x1e087012c10 of 132 bytes failed: Only part of a ReadProcessMemory or WriteProcessMemory request was completed. (0x12B)
[0712/162714.879:ERROR:process_memory_win.cc(73)] ReadMemory at 0x1e087012d40 of 132 bytes failed: Only part of a ReadProcessMemory or WriteProcessMemory request was completed. (0x12B)
[0712/162714.880:ERROR:process_memory_win.cc(73)] ReadMemory at 0x1e087012e70 of 132 bytes failed: Only part of a ReadProcessMemory or WriteProcessMemory request was completed. (0x12B)
[0712/162714.880:ERROR:process_memory_win.cc(73)] ReadMemory at 0x1e087012fa0 of 132 bytes failed: Only part of a ReadProcessMemory or WriteProcessMemory request was completed. (0x12B)
[0712/162714.880:ERROR:process_memory_win.cc(73)] ReadMemory at 0x1e0870130d0 of 132 bytes failed: Only part of a ReadProcessMemory or WriteProcessMemory request was completed. (0x12B)
[0712/162714.880:ERROR:process_memory_win.cc(73)] ReadMemory at 0x1e087013200 of 132 bytes failed: Only part of a ReadProcessMemory or WriteProcessMemory request was completed. (0x12B)
[0712/162714.880:ERROR:process_memory_win.cc(73)] ReadMemory at 0x1e087013330 of 132 bytes failed: Only part of a ReadProcessMemory or WriteProcessMemory request was completed. (0x12B)
[0712/162714.880:ERROR:process_memory_win.cc(73)] ReadMemory at 0x1e087013460 of 132 bytes failed: Only part of a ReadProcessMemory or WriteProcessMemory request was completed. (0x12B)
[0712/162714.880:ERROR:process_memory_win.cc(73)] ReadMemory at 0x1e087013590 of 132 bytes failed: Only part of a ReadProcessMemory or WriteProcessMemory request was completed. (0x12B)
[0712/162714.880:ERROR:process_memory_win.cc(73)] ReadMemory at 0x1e0870136c0 of 132 bytes failed: Only part of a ReadProcessMemory or WriteProcessMemory request was completed. (0x12B)
[0712/162714.880:ERROR:process_memory_win.cc(73)] ReadMemory at 0x1e0870137f0 of 132 bytes failed: Only part of a ReadProcessMemory or WriteProcessMemory request was completed. (0x12B)
[0712/162714.880:ERROR:process_memory_win.cc(73)] ReadMemory at 0x1e087013920 of 132 bytes failed: Only part of a ReadProcessMemory or WriteProcessMemory request was completed. (0x12B)
[0712/162714.881:ERROR:process_memory_win.cc(73)] ReadMemory at 0x1e087015070 of 80 bytes failed: Only part of a ReadProcessMemory or WriteProcessMemory request was completed. (0x12B)
[0712/162714.881:ERROR:process_memory_win.cc(73)] ReadMemory at 0x1e0870163b0 of 60 bytes failed: Only part of a ReadProcessMemory or WriteProcessMemory request was completed. (0x12B)
[0712/162714.881:ERROR:process_memory_win.cc(73)] ReadMemory at 0x1e0870168b0 of 60 bytes failed: Only part of a ReadProcessMemory or WriteProcessMemory request was completed. (0x12B)
[0712/162714.881:ERROR:process_memory_win.cc(73)] ReadMemory at 0x1e0870169a0 of 64 bytes failed: Only part of a ReadProcessMemory or WriteProcessMemory request was completed. (0x12B)
[0712/162714.881:ERROR:process_memory_win.cc(73)] ReadMemory at 0x1e087016a40 of 58 bytes failed: Only part of a ReadProcessMemory or WriteProcessMemory request was completed. (0x12B)
[0712/162714.881:ERROR:process_memory_win.cc(73)] ReadMemory at 0x1e087016ae0 of 64 bytes failed: Only part of a ReadProcessMemory or WriteProcessMemory request was completed. (0x12B)
[0712/162714.881:ERROR:process_memory_win.cc(73)] ReadMemory at 0x1e087016b30 of 64 bytes failed: Only part of a ReadProcessMemory or WriteProcessMemory request was completed. (0x12B)
[0712/162714.881:ERROR:process_memory_win.cc(73)] ReadMemory at 0x1e087016b80 of 60 bytes failed: Only part of a ReadProcessMemory or WriteProcessMemory request was completed. (0x12B)
[0712/162714.881:ERROR:process_memory_win.cc(73)] ReadMemory at 0x1e087016c70 of 64 bytes failed: Only part of a ReadProcessMemory or WriteProcessMemory request was completed. (0x12B)
[0712/162714.881:ERROR:process_memory_win.cc(73)] ReadMemory at 0x1e087016cc0 of 64 bytes failed: Only part of a ReadProcessMemory or WriteProcessMemory request was completed. (0x12B)
[0712/162714.881:ERROR:process_memory_win.cc(73)] ReadMemory at 0x1e087016d10 of 62 bytes failed: Only part of a ReadProcessMemory or WriteProcessMemory request was completed. (0x12B)
[0712/162714.881:ERROR:process_memory_win.cc(73)] ReadMemory at 0x1e087017030 of 58 bytes failed: Only part of a ReadProcessMemory or WriteProcessMemory request was completed. (0x12B)
[0712/162714.881:ERROR:process_memory_win.cc(73)] ReadMemory at 0x1e08701cc20 of 54 bytes failed: Only part of a ReadProcessMemory or WriteProcessMemory request was completed. (0x12B)
[0712/162714.881:ERROR:process_memory_win.cc(73)] ReadMemory at 0x1e0870252f0 of 64 bytes failed: Only part of a ReadProcessMemory or WriteProcessMemory request was completed. (0x12B)
[0712/162714.881:ERROR:process_memory_win.cc(73)] ReadMemory at 0x1e087025340 of 62 bytes failed: Only part of a ReadProcessMemory or WriteProcessMemory request was completed. (0x12B)
[0712/162714.881:ERROR:process_memory_win.cc(73)] ReadMemory at 0x1e087025390 of 62 bytes failed: Only part of a ReadProcessMemory or WriteProcessMemory request was completed. (0x12B)
[0712/162714.881:ERROR:process_memory_win.cc(73)] ReadMemory at 0x1e087025430 of 60 bytes failed: Only part of a ReadProcessMemory or WriteProcessMemory request was completed. (0x12B)
[0712/162714.881:ERROR:process_memory_win.cc(73)] ReadMemory at 0x1e087025480 of 64 bytes failed: Only part of a ReadProcessMemory or WriteProcessMemory request was completed. (0x12B)
[0712/162714.882:ERROR:process_memory_win.cc(73)] ReadMemory at 0x1e087025520 of 60 bytes failed: Only part of a ReadProcessMemory or WriteProcessMemory request was completed. (0x12B)
[0712/162714.882:ERROR:process_memory_win.cc(73)] ReadMemory at 0x1e0870259d0 of 62 bytes failed: Only part of a ReadProcessMemory or WriteProcessMemory request was completed. (0x12B)
[0712/162714.882:ERROR:process_memory_win.cc(73)] ReadMemory at 0x1e087025b10 of 56 bytes failed: Only part of a ReadProcessMemory or WriteProcessMemory request was completed. (0x12B)
[0712/162714.882:ERROR:process_memory_win.cc(73)] ReadMemory at 0x1e087025bb0 of 58 bytes failed: Only part of a ReadProcessMemory or WriteProcessMemory request was completed. (0x12B)
[0712/162714.882:ERROR:process_memory_win.cc(73)] ReadMemory at 0x1e087025c50 of 64 bytes failed: Only part of a ReadProcessMemory or WriteProcessMemory request was completed. (0x12B)
[0712/162714.882:ERROR:process_memory_win.cc(73)] ReadMemory at 0x1e087026100 of 62 bytes failed: Only part of a ReadProcessMemory or WriteProcessMemory request was completed. (0x12B)
[0712/162714.882:ERROR:process_memory_win.cc(73)] ReadMemory at 0x1e087026150 of 62 bytes failed: Only part of a ReadProcessMemory or WriteProcessMemory request was completed. (0x12B)
[0712/162714.882:ERROR:process_memory_win.cc(73)] ReadMemory at 0x1e087026770 of 132 bytes failed: Only part of a ReadProcessMemory or WriteProcessMemory request was completed. (0x12B)
[0712/162714.882:ERROR:process_memory_win.cc(73)] ReadMemory at 0x1e087026b00 of 132 bytes failed: Only part of a ReadProcessMemory or WriteProcessMemory request was completed. (0x12B)
[0712/162714.882:ERROR:process_memory_win.cc(73)] ReadMemory at 0x1e087027350 of 132 bytes failed: Only part of a ReadProcessMemory or WriteProcessMemory request was completed. (0x12B)
[0712/162714.882:ERROR:process_memory_win.cc(73)] ReadMemory at 0x1e087027cd0 of 132 bytes failed: Only part of a ReadProcessMemory or WriteProcessMemory request was completed. (0x12B)
[0712/162714.882:ERROR:process_memory_win.cc(73)] ReadMemory at 0x1e087027e00 of 132 bytes failed: Only part of a ReadProcessMemory or WriteProcessMemory request was completed. (0x12B)
[0712/162714.882:ERROR:process_memory_win.cc(73)] ReadMemory at 0x1e087037ae0 of 512 bytes failed: Only part of a ReadProcessMemory or WriteProcessMemory request was completed. (0x12B)
[0712/162714.883:ERROR:process_memory_win.cc(73)] ReadMemory at 0x1e0875d1000 of 512 bytes failed: Only part of a ReadProcessMemory or WriteProcessMemory request was completed. (0x12B)
[0712/162714.883:ERROR:process_memory_win.cc(73)] ReadMemory at 0x1e0877388b0 of 512 bytes failed: Only part of a ReadProcessMemory or WriteProcessMemory request was completed. (0x12B)
[0712/162714.883:ERROR:process_memory_win.cc(73)] ReadMemory at 0x1e08773b1a0 of 512 bytes failed: Only part of a ReadProcessMemory or WriteProcessMemory request was completed. (0x12B)
[0712/162714.883:ERROR:process_memory_win.cc(73)] ReadMemory at 0x1e0877419e0 of 512 bytes failed: Only part of a ReadProcessMemory or WriteProcessMemory request was completed. (0x12B)
[0712/162714.883:ERROR:process_memory_win.cc(73)] ReadMemory at 0x1e0877453d0 of 512 bytes failed: Only part of a ReadProcessMemory or WriteProcessMemory request was completed. (0x12B)
[0712/162714.883:ERROR:process_memory_win.cc(73)] ReadMemory at 0x1e08776ef18 of 512 bytes failed: Only part of a ReadProcessMemory or WriteProcessMemory request was completed. (0x12B)
[0712/162714.883:ERROR:process_memory_win.cc(73)] ReadMemory at 0x1e087772940 of 512 bytes failed: Only part of a ReadProcessMemory or WriteProcessMemory request was completed. (0x12B)
[0712/162714.883:ERROR:process_memory_win.cc(73)] ReadMemory at 0x1e087778d70 of 712 bytes failed: Only part of a ReadProcessMemory or WriteProcessMemory request was completed. (0x12B)
[0712/162714.883:ERROR:process_memory_win.cc(73)] ReadMemory at 0x1e0877799b0 of 512 bytes failed: Only part of a ReadProcessMemory or WriteProcessMemory request was completed. (0x12B)
[0712/162714.883:ERROR:process_memory_win.cc(73)] ReadMemory at 0x1e08777b2f0 of 512 bytes failed: Only part of a ReadProcessMemory or WriteProcessMemory request was completed. (0x12B)
[0712/162714.883:ERROR:process_memory_win.cc(73)] ReadMemory at 0x1e087782da0 of 864 bytes failed: Only part of a ReadProcessMemory or WriteProcessMemory request was completed. (0x12B)
[0712/162714.883:ERROR:process_memory_win.cc(73)] ReadMemory at 0x1e087783530 of 512 bytes failed: Only part of a ReadProcessMemory or WriteProcessMemory request was completed. (0x12B)
[0712/162714.884:ERROR:process_memory_win.cc(73)] ReadMemory at 0x1e087784190 of 512 bytes failed: Only part of a ReadProcessMemory or WriteProcessMemory request was completed. (0x12B)
[0712/162714.884:ERROR:process_memory_win.cc(73)] ReadMemory at 0x1e087784710 of 512 bytes failed: Only part of a ReadProcessMemory or WriteProcessMemory request was completed. (0x12B)
[0712/162714.884:ERROR:process_memory_win.cc(73)] ReadMemory at 0x1e087789c80 of 512 bytes failed: Only part of a ReadProcessMemory or WriteProcessMemory request was completed. (0x12B)
[0712/162714.884:ERROR:process_memory_win.cc(73)] ReadMemory at 0x1e08778ab20 of 512 bytes failed: Only part of a ReadProcessMemory or WriteProcessMemory request was completed. (0x12B)
[0712/162714.884:ERROR:process_memory_win.cc(73)] ReadMemory at 0x1e089503870 of 568 bytes failed: Only part of a ReadProcessMemory or WriteProcessMemory request was completed. (0x12B)
[0712/162714.884:ERROR:process_memory_win.cc(73)] ReadMemory at 0x1e089505830 of 512 bytes failed: Only part of a ReadProcessMemory or WriteProcessMemory request was completed. (0x12B)
[0712/162714.884:ERROR:process_memory_win.cc(73)] ReadMemory at 0x1e08955df50 of 512 bytes failed: Only part of a ReadProcessMemory or WriteProcessMemory request was completed. (0x12B)
[0712/162714.884:ERROR:process_memory_win.cc(73)] ReadMemory at 0x1e089b8aa30 of 512 bytes failed: Only part of a ReadProcessMemory or WriteProcessMemory request was completed. (0x12B)
[0712/162714.884:ERROR:process_memory_win.cc(73)] ReadMemory at 0x1e08d310da0 of 512 bytes failed: Only part of a ReadProcessMemory or WriteProcessMemory request was completed. (0x12B)
[0712/162714.884:ERROR:process_memory_win.cc(73)] ReadMemory at 0x1e08d3d7cc0 of 512 bytes failed: Only part of a ReadProcessMemory or WriteProcessMemory request was completed. (0x12B)
[0712/162714.884:ERROR:process_memory_win.cc(73)] ReadMemory at 0x1e08d486918 of 512 bytes failed: Only part of a ReadProcessMemory or WriteProcessMemory request was completed. (0x12B)
[0712/162714.884:ERROR:process_memory_win.cc(73)] ReadMemory at 0x1e08d49c9a8 of 512 bytes failed: Only part of a ReadProcessMemory or WriteProcessMemory request was completed. (0x12B)
[0712/162714.884:ERROR:process_memory_win.cc(73)] ReadMemory at 0x7ffb9f1f078c of 512 bytes failed: Only part of a ReadProcessMemory or WriteProcessMemory request was completed. (0x12B)
[0712/162714.884:ERROR:process_memory_win.cc(73)] ReadMemory at 0x7ffb9f8690e9 of 512 bytes failed: Only part of a ReadProcessMemory or WriteProcessMemory request was completed. (0x12B)
[0712/162714.884:ERROR:process_memory_win.cc(73)] ReadMemory at 0x7ffba201ae50 of 512 bytes failed: Only part of a ReadProcessMemory or WriteProcessMemory request was completed. (0x12B)
[0712/162714.885:ERROR:process_memory_win.cc(73)] ReadMemory at 0x7ffba285b4e0 of 512 bytes failed: Only part of a ReadProcessMemory or WriteProcessMemory request was completed. (0x12B)
[0712/162714.885:ERROR:process_memory_win.cc(73)] ReadMemory at 0x7ffc0ee90e00 of 512 bytes failed: Only part of a ReadProcessMemory or WriteProcessMemory request was completed. (0x12B)
[0712/162714.885:ERROR:process_memory_win.cc(73)] ReadMemory at 0x7ffc119779f0 of 512 bytes failed: Only part of a ReadProcessMemory or WriteProcessMemory request was completed. (0x12B)
[0712/162714.885:ERROR:process_memory_win.cc(73)] ReadMemory at 0x7ffc119782e0 of 512 bytes failed: Only part of a ReadProcessMemory or WriteProcessMemory request was completed. (0x12B)
[0712/162714.885:ERROR:process_memory_win.cc(73)] ReadMemory at 0x7ffc1197a0d0 of 512 bytes failed: Only part of a ReadProcessMemory or WriteProcessMemory request was completed. (0x12B)
[0712/162714.885:ERROR:process_memory_win.cc(73)] ReadMemory at 0x7ffc119ea9a4 of 672 bytes failed: Only part of a ReadProcessMemory or WriteProcessMemory request was completed. (0x12B)
[0712/162714.885:ERROR:process_memory_win.cc(73)] ReadMemory at 0x7ffc119eafa4 of 512 bytes failed: Only part of a ReadProcessMemory or WriteProcessMemory request was completed. (0x12B)
[0712/162714.885:ERROR:process_memory_win.cc(73)] ReadMemory at 0x7ffc119ee214 of 608 bytes failed: Only part of a ReadProcessMemory or WriteProcessMemory request was completed. (0x12B)
[0712/162714.885:ERROR:process_memory_win.cc(73)] ReadMemory at 0x7ffc11a701e0 of 18 bytes failed: Only part of a ReadProcessMemory or WriteProcessMemory request was completed. (0x12B)
[0712/162714.885:ERROR:process_memory_win.cc(73)] ReadMemory at 0x7ffc11aa65b0 of 40 bytes failed: Only part of a ReadProcessMemory or WriteProcessMemory request was completed. (0x12B)
[0712/162714.885:ERROR:process_memory_win.cc(73)] ReadMemory at 0x7ffc11aa6a08 of 48 bytes failed: Only part of a ReadProcessMemory or WriteProcessMemory request was completed. (0x12B)
[0712/162714.885:ERROR:process_memory_win.cc(73)] ReadMemory at 0x7ffc11aac360 of 64 bytes failed: Only part of a ReadProcessMemory or WriteProcessMemory request was completed. (0x12B)
[0712/162714.886:ERROR:scoped_process_suspend.cc(40)] NtResumeProcess: An attempt was made to access an exiting process. (0xc000010a)
